<?xml version="1.0" encoding="UTF-8"?>
<!-- Generated by org.testng.reporters.JUnitReportReporter -->
<testsuite skipped="0" hostname="Ashan" name="com.employeeapi.testCases.TC001_Get_All_Employees" tests="1" failures="0" timestamp="2020-10-20T11:12:24 IST" time="0.050" errors="0">
  <testcase name="TC001_Get_All_Employees_D" time="0.050" classname="com.employeeapi.testCases.TC001_Get_All_Employees"/>
  <system-out/>
</testsuite> <!-- com.employeeapi.testCases.TC001_Get_All_Employees -->
