<?xml version="1.0" encoding="UTF-8"?>
<!-- Generated by org.testng.reporters.JUnitReportReporter -->
<testsuite skipped="0" hostname="Ashan" name="com.employeeapi.testCases.TC004_Put_Employee_Record" tests="1" failures="0" timestamp="2020-10-20T11:12:24 IST" time="0.026" errors="0">
  <testcase name="TC004_Put_Employee_Recrd" time="0.026" classname="com.employeeapi.testCases.TC004_Put_Employee_Record"/>
  <system-out/>
</testsuite> <!-- com.employeeapi.testCases.TC004_Put_Employee_Record -->
