<?xml version="1.0" encoding="UTF-8"?>
<!-- Generated by org.testng.reporters.JUnitReportReporter -->
<testsuite skipped="0" hostname="Ashan" name="com.employeeapi.testCases.TC001" tests="1" failures="0" timestamp="2020-10-19T16:19:58 IST" time="0.043" errors="0">
  <testcase name="TC001_Get_All_Employees" time="0.043" classname="com.employeeapi.testCases.TC001"/>
  <system-out/>
</testsuite> <!-- com.employeeapi.testCases.TC001 -->
