<?xml version="1.0" encoding="UTF-8"?>
<testsuite xmlns:xsi="http://www.w3.org/2001/XMLSchema-instance" xsi:noNamespaceSchemaLocation="https://maven.apache.org/surefire/maven-surefire-plugin/xsd/surefire-test-report-3.0.xsd" version="3.0" name="TestSuite" time="34.287" tests="5" errors="0" skipped="0" failures="3">
  <properties>
    <property name="sun.desktop" value="windows"/>
    <property name="awt.toolkit" value="sun.awt.windows.WToolkit"/>
    <property name="file.encoding.pkg" value="sun.io"/>
    <property name="java.specification.version" value="1.8"/>
    <property name="sun.cpu.isalist" value="amd64"/>
    <property name="sun.jnu.encoding" value="Cp1252"/>
    <property name="java.class.path" value="C:\Eclipse\eclipse\workspace\RestassuredAPITesting_Employees_Project\target\test-classes;C:\Eclipse\eclipse\workspace\RestassuredAPITesting_Employees_Project\target\classes;C:\Users\Ashan\.m2\repository\io\rest-assured\rest-assured\4.3.1\rest-assured-4.3.1.jar;C:\Users\Ashan\.m2\repository\org\codehaus\groovy\groovy\3.0.3\groovy-3.0.3.jar;C:\Users\Ashan\.m2\repository\org\codehaus\groovy\groovy-xml\3.0.3\groovy-xml-3.0.3.jar;C:\Users\Ashan\.m2\repository\org\apache\httpcomponents\httpclient\4.5.3\httpclient-4.5.3.jar;C:\Users\Ashan\.m2\repository\org\apache\httpcomponents\httpcore\4.4.6\httpcore-4.4.6.jar;C:\Users\Ashan\.m2\repository\commons-logging\commons-logging\1.2\commons-logging-1.2.jar;C:\Users\Ashan\.m2\repository\org\apache\httpcomponents\httpmime\4.5.3\httpmime-4.5.3.jar;C:\Users\Ashan\.m2\repository\org\hamcrest\hamcrest\2.1\hamcrest-2.1.jar;C:\Users\Ashan\.m2\repository\org\ccil\cowan\tagsoup\tagsoup\1.2.1\tagsoup-1.2.1.jar;C:\Users\Ashan\.m2\repository\io\rest-assured\json-path\4.3.1\json-path-4.3.1.jar;C:\Users\Ashan\.m2\repository\org\codehaus\groovy\groovy-json\3.0.3\groovy-json-3.0.3.jar;C:\Users\Ashan\.m2\repository\io\rest-assured\rest-assured-common\4.3.1\rest-assured-common-4.3.1.jar;C:\Users\Ashan\.m2\repository\io\rest-assured\xml-path\4.3.1\xml-path-4.3.1.jar;C:\Users\Ashan\.m2\repository\org\apache\commons\commons-lang3\3.4\commons-lang3-3.4.jar;C:\Users\Ashan\.m2\repository\jakarta\xml\bind\jakarta.xml.bind-api\2.3.3\jakarta.xml.bind-api-2.3.3.jar;C:\Users\Ashan\.m2\repository\jakarta\activation\jakarta.activation-api\1.2.2\jakarta.activation-api-1.2.2.jar;C:\Users\Ashan\.m2\repository\com\sun\xml\bind\jaxb-impl\2.3.3\jaxb-impl-2.3.3.jar;C:\Users\Ashan\.m2\repository\org\testng\testng\7.1.0\testng-7.1.0.jar;C:\Users\Ashan\.m2\repository\com\beust\jcommander\1.72\jcommander-1.72.jar;C:\Users\Ashan\.m2\repository\com\google\inject\guice\4.1.0\guice-4.1.0-no_aop.jar;C:\Users\Ashan\.m2\repository\javax\inject\javax.inject\1\javax.inject-1.jar;C:\Users\Ashan\.m2\repository\aopalliance\aopalliance\1.0\aopalliance-1.0.jar;C:\Users\Ashan\.m2\repository\com\google\guava\guava\19.0\guava-19.0.jar;C:\Users\Ashan\.m2\repository\org\yaml\snakeyaml\1.21\snakeyaml-1.21.jar;C:\Users\Ashan\.m2\repository\com\googlecode\json-simple\json-simple\1.1.1\json-simple-1.1.1.jar;C:\Users\Ashan\.m2\repository\junit\junit\4.10\junit-4.10.jar;C:\Users\Ashan\.m2\repository\org\hamcrest\hamcrest-core\1.1\hamcrest-core-1.1.jar;C:\Users\Ashan\.m2\repository\org\apache\poi\poi\3.17\poi-3.17.jar;C:\Users\Ashan\.m2\repository\commons-codec\commons-codec\1.10\commons-codec-1.10.jar;C:\Users\Ashan\.m2\repository\org\apache\commons\commons-collections4\4.1\commons-collections4-4.1.jar;C:\Users\Ashan\.m2\repository\org\apache\poi\poi-ooxml\3.17\poi-ooxml-3.17.jar;C:\Users\Ashan\.m2\repository\org\apache\poi\poi-ooxml-schemas\3.17\poi-ooxml-schemas-3.17.jar;C:\Users\Ashan\.m2\repository\org\apache\xmlbeans\xmlbeans\2.6.0\xmlbeans-2.6.0.jar;C:\Users\Ashan\.m2\repository\stax\stax-api\1.0.1\stax-api-1.0.1.jar;C:\Users\Ashan\.m2\repository\com\github\virtuald\curvesapi\1.04\curvesapi-1.04.jar;C:\Users\Ashan\.m2\repository\com\aventstack\extentreports\4.1.5\extentreports-4.1.5.jar;C:\Users\Ashan\.m2\repository\org\freemarker\freemarker\2.3.29\freemarker-2.3.29.jar;C:\Users\Ashan\.m2\repository\com\google\code\gson\gson\2.8.6\gson-2.8.6.jar;C:\Users\Ashan\.m2\repository\org\mongodb\mongodb-driver\3.12.0\mongodb-driver-3.12.0.jar;C:\Users\Ashan\.m2\repository\org\mongodb\mongodb-driver-core\3.12.0\mongodb-driver-core-3.12.0.jar;C:\Users\Ashan\.m2\repository\org\mongodb\bson\3.12.0\bson-3.12.0.jar;C:\Users\Ashan\.m2\repository\log4j\log4j\1.2.17\log4j-1.2.17.jar;"/>
    <property name="java.vm.vendor" value="Oracle Corporation"/>
    <property name="sun.arch.data.model" value="64"/>
    <property name="user.variant" value=""/>
    <property name="java.vendor.url" value="http://java.oracle.com/"/>
    <property name="user.timezone" value="Asia/Colombo"/>
    <property name="java.vm.specification.version" value="1.8"/>
    <property name="os.name" value="Windows 10"/>
    <property name="user.country" value="US"/>
    <property name="sun.java.launcher" value="SUN_STANDARD"/>
    <property name="sun.boot.library.path" value="C:\Program Files\Java\jdk1.8.0_172\jre\bin"/>
    <property name="sun.java.command" value="C:\Users\Ashan\AppData\Local\Temp\surefire5485091046937868677\surefirebooter5580188681727851848.jar C:\Users\Ashan\AppData\Local\Temp\surefire5485091046937868677 2020-10-20T11-45-48_745-jvmRun1 surefire4060568286557534301tmp surefire_07936195297787929528tmp"/>
    <property name="surefire.test.class.path" value="C:\Eclipse\eclipse\workspace\RestassuredAPITesting_Employees_Project\target\test-classes;C:\Eclipse\eclipse\workspace\RestassuredAPITesting_Employees_Project\target\classes;C:\Users\Ashan\.m2\repository\io\rest-assured\rest-assured\4.3.1\rest-assured-4.3.1.jar;C:\Users\Ashan\.m2\repository\org\codehaus\groovy\groovy\3.0.3\groovy-3.0.3.jar;C:\Users\Ashan\.m2\repository\org\codehaus\groovy\groovy-xml\3.0.3\groovy-xml-3.0.3.jar;C:\Users\Ashan\.m2\repository\org\apache\httpcomponents\httpclient\4.5.3\httpclient-4.5.3.jar;C:\Users\Ashan\.m2\repository\org\apache\httpcomponents\httpcore\4.4.6\httpcore-4.4.6.jar;C:\Users\Ashan\.m2\repository\commons-logging\commons-logging\1.2\commons-logging-1.2.jar;C:\Users\Ashan\.m2\repository\org\apache\httpcomponents\httpmime\4.5.3\httpmime-4.5.3.jar;C:\Users\Ashan\.m2\repository\org\hamcrest\hamcrest\2.1\hamcrest-2.1.jar;C:\Users\Ashan\.m2\repository\org\ccil\cowan\tagsoup\tagsoup\1.2.1\tagsoup-1.2.1.jar;C:\Users\Ashan\.m2\repository\io\rest-assured\json-path\4.3.1\json-path-4.3.1.jar;C:\Users\Ashan\.m2\repository\org\codehaus\groovy\groovy-json\3.0.3\groovy-json-3.0.3.jar;C:\Users\Ashan\.m2\repository\io\rest-assured\rest-assured-common\4.3.1\rest-assured-common-4.3.1.jar;C:\Users\Ashan\.m2\repository\io\rest-assured\xml-path\4.3.1\xml-path-4.3.1.jar;C:\Users\Ashan\.m2\repository\org\apache\commons\commons-lang3\3.4\commons-lang3-3.4.jar;C:\Users\Ashan\.m2\repository\jakarta\xml\bind\jakarta.xml.bind-api\2.3.3\jakarta.xml.bind-api-2.3.3.jar;C:\Users\Ashan\.m2\repository\jakarta\activation\jakarta.activation-api\1.2.2\jakarta.activation-api-1.2.2.jar;C:\Users\Ashan\.m2\repository\com\sun\xml\bind\jaxb-impl\2.3.3\jaxb-impl-2.3.3.jar;C:\Users\Ashan\.m2\repository\org\testng\testng\7.1.0\testng-7.1.0.jar;C:\Users\Ashan\.m2\repository\com\beust\jcommander\1.72\jcommander-1.72.jar;C:\Users\Ashan\.m2\repository\com\google\inject\guice\4.1.0\guice-4.1.0-no_aop.jar;C:\Users\Ashan\.m2\repository\javax\inject\javax.inject\1\javax.inject-1.jar;C:\Users\Ashan\.m2\repository\aopalliance\aopalliance\1.0\aopalliance-1.0.jar;C:\Users\Ashan\.m2\repository\com\google\guava\guava\19.0\guava-19.0.jar;C:\Users\Ashan\.m2\repository\org\yaml\snakeyaml\1.21\snakeyaml-1.21.jar;C:\Users\Ashan\.m2\repository\com\googlecode\json-simple\json-simple\1.1.1\json-simple-1.1.1.jar;C:\Users\Ashan\.m2\repository\junit\junit\4.10\junit-4.10.jar;C:\Users\Ashan\.m2\repository\org\hamcrest\hamcrest-core\1.1\hamcrest-core-1.1.jar;C:\Users\Ashan\.m2\repository\org\apache\poi\poi\3.17\poi-3.17.jar;C:\Users\Ashan\.m2\repository\commons-codec\commons-codec\1.10\commons-codec-1.10.jar;C:\Users\Ashan\.m2\repository\org\apache\commons\commons-collections4\4.1\commons-collections4-4.1.jar;C:\Users\Ashan\.m2\repository\org\apache\poi\poi-ooxml\3.17\poi-ooxml-3.17.jar;C:\Users\Ashan\.m2\repository\org\apache\poi\poi-ooxml-schemas\3.17\poi-ooxml-schemas-3.17.jar;C:\Users\Ashan\.m2\repository\org\apache\xmlbeans\xmlbeans\2.6.0\xmlbeans-2.6.0.jar;C:\Users\Ashan\.m2\repository\stax\stax-api\1.0.1\stax-api-1.0.1.jar;C:\Users\Ashan\.m2\repository\com\github\virtuald\curvesapi\1.04\curvesapi-1.04.jar;C:\Users\Ashan\.m2\repository\com\aventstack\extentreports\4.1.5\extentreports-4.1.5.jar;C:\Users\Ashan\.m2\repository\org\freemarker\freemarker\2.3.29\freemarker-2.3.29.jar;C:\Users\Ashan\.m2\repository\com\google\code\gson\gson\2.8.6\gson-2.8.6.jar;C:\Users\Ashan\.m2\repository\org\mongodb\mongodb-driver\3.12.0\mongodb-driver-3.12.0.jar;C:\Users\Ashan\.m2\repository\org\mongodb\mongodb-driver-core\3.12.0\mongodb-driver-core-3.12.0.jar;C:\Users\Ashan\.m2\repository\org\mongodb\bson\3.12.0\bson-3.12.0.jar;C:\Users\Ashan\.m2\repository\log4j\log4j\1.2.17\log4j-1.2.17.jar;"/>
    <property name="sun.cpu.endian" value="little"/>
    <property name="user.home" value="C:\Users\Ashan"/>
    <property name="user.language" value="en"/>
    <property name="java.specification.vendor" value="Oracle Corporation"/>
    <property name="java.home" value="C:\Program Files\Java\jdk1.8.0_172\jre"/>
    <property name="basedir" value="C:\Eclipse\eclipse\workspace\RestassuredAPITesting_Employees_Project"/>
    <property name="file.separator" value="\"/>
    <property name="line.separator" value="&#10;"/>
    <property name="java.vm.specification.vendor" value="Oracle Corporation"/>
    <property name="java.specification.name" value="Java Platform API Specification"/>
    <property name="java.awt.graphicsenv" value="sun.awt.Win32GraphicsEnvironment"/>
    <property name="surefire.real.class.path" value="C:\Users\Ashan\AppData\Local\Temp\surefire5485091046937868677\surefirebooter5580188681727851848.jar"/>
    <property name="sun.boot.class.path" value="C:\Program Files\Java\jdk1.8.0_172\jre\lib\resources.jar;C:\Program Files\Java\jdk1.8.0_172\jre\lib\rt.jar;C:\Program Files\Java\jdk1.8.0_172\jre\lib\sunrsasign.jar;C:\Program Files\Java\jdk1.8.0_172\jre\lib\jsse.jar;C:\Program Files\Java\jdk1.8.0_172\jre\lib\jce.jar;C:\Program Files\Java\jdk1.8.0_172\jre\lib\charsets.jar;C:\Program Files\Java\jdk1.8.0_172\jre\lib\jfr.jar;C:\Program Files\Java\jdk1.8.0_172\jre\classes"/>
    <property name="user.script" value=""/>
    <property name="sun.management.compiler" value="HotSpot 64-Bit Tiered Compilers"/>
    <property name="java.runtime.version" value="1.8.0_172-b11"/>
    <property name="user.name" value="Ashan"/>
    <property name="path.separator" value=";"/>
    <property name="os.version" value="10.0"/>
    <property name="java.endorsed.dirs" value="C:\Program Files\Java\jdk1.8.0_172\jre\lib\endorsed"/>
    <property name="java.runtime.name" value="Java(TM) SE Runtime Environment"/>
    <property name="file.encoding" value="Cp1252"/>
    <property name="java.vm.name" value="Java HotSpot(TM) 64-Bit Server VM"/>
    <property name="localRepository" value="C:\Users\Ashan\.m2\repository"/>
    <property name="java.vendor.url.bug" value="http://bugreport.sun.com/bugreport/"/>
    <property name="java.io.tmpdir" value="C:\Users\Ashan\AppData\Local\Temp\"/>
    <property name="java.version" value="1.8.0_172"/>
    <property name="user.dir" value="C:\Eclipse\eclipse\workspace\RestassuredAPITesting_Employees_Project"/>
    <property name="os.arch" value="amd64"/>
    <property name="java.vm.specification.name" value="Java Virtual Machine Specification"/>
    <property name="java.awt.printerjob" value="sun.awt.windows.WPrinterJob"/>
    <property name="sun.os.patch.level" value=""/>
    <property name="java.library.path" value="C:\Program Files\Java\jdk1.8.0_172\jre\bin;C:\Windows\Sun\Java\bin;C:\Windows\system32;C:\Windows;C:\Program Files (x86)\Common Files\Oracle\Java\javapath;C:\Windows\system32;C:\Windows;C:\Windows\System32\Wbem;C:\Windows\System32\WindowsPowerShell\v1.0\;C:\Program Files\Java\jdk1.8.0_172\bin;C:\Program Files\Java\jdk1.8.0_172\bin;C:\Python37;C:\Python37\Scripts;C:\Program Files\nodejs\;C:\Program Files (x86)\Brackets\command;C:\apache-maven-3.6.3\bin;C:\apache-maven-3.6.3\bin;C:\Program Files\Java\jdk1.8.0_172\lib;C:\apache-maven-3.6.3\bin;C:\apache-maven-3.6.3\bin;C:\apache-maven-3.6.3\bin\;C:\Program Files\Java\jdk1.8.0_172;C:\Program Files\Java\jdk1.8.0_172;C:\Program Files\Android\Android Studio\bin;C:\Users\Ashan\AppData\Local\Android\Sdk\platform-tools;C:\Users\Ashan\AppData\Local\Android\Sdk\tools;C:\Users\Ashan\AppData\Local\Android\Sdk\build-tools;C:\gradle-6.7\bin;C:\Program Files (x86)\Common Files\Oracle\Java\javapath;C:\Windows\system32;C:\Windows;C:\Windows\System32\Wbem;C:\Windows\System32\WindowsPowerShell\v1.0\;C:\Program Files\Java\jdk1.8.0_11\bin;C:\Program Files\Java\jdk1.8.0_172\bin;C:\Program Files (x86)\Common Files\Oracle\Java\javapath;C:\Windows\system32;C:\Windows;C:\Windows\System32\Wbem;C:\Windows\System32\WindowsPowerShell\v1.0\;C:\Program Files\Java\jdk1.8.0_11\bin;C:\Program Files\Java\jdk1.8.0_172\bin;C:\Program Files (x86)\Common Files\Oracle\Java\javapath;C:\Windows\system32;C:\Windows;C:\Windows\System32\Wbem;C:\Windows\System32\WindowsPowerShell\v1.0\;C:\Program Files\Java\jdk1.8.0_11\bin;C:\Program Files\Java\jdk1.8.0_172\bin;C:\Users\Ashan\AppData\Local\Microsoft\WindowsApps;C:\Python37;C:\Python37\Scripts;C:\Users\Ashan\AppData\Local\Programs\Microsoft VS Code\;C:\Users\Ashan\AppData\Local\Programs\Microsoft VS Code\bin;C:\Users\Ashan\AppData\Roaming\npm;."/>
    <property name="java.vm.info" value="mixed mode"/>
    <property name="java.vendor" value="Oracle Corporation"/>
    <property name="java.vm.version" value="25.172-b11"/>
    <property name="java.ext.dirs" value="C:\Program Files\Java\jdk1.8.0_172\jre\lib\ext;C:\Windows\Sun\Java\lib\ext"/>
    <property name="sun.io.unicode.encoding" value="UnicodeLittle"/>
    <property name="java.class.version" value="52.0"/>
  </properties>
  <testcase name="TC001_Get_All_Employees_D" classname="com.employeeapi.testCases.TC001_Get_All_Employees" time="0.149"/>
  <testcase name="TC002_Get_Single_Employee_Recrd" classname="com.employeeapi.testCases.TC002_Get_Single_Employee_Record" time="0.026"/>
  <testcase name="TC003_Post_Employee_Recrd" classname="com.employeeapi.testCases.TC003_Post_Employee_Record" time="0.036">
    <failure message="null" type="java.lang.NumberFormatException"><![CDATA[java.lang.NumberFormatException: null
	at com.employeeapi.testCases.TC003_Post_Employee_Record.TC003_Post_Employee_Recrd(TC003_Post_Employee_Record.java:123)
]]></failure>
    <system-out><![CDATA[2020-10-20 11:46:06 INFO  EmployeesRestAPI:109 - *********  Finished TC002_Get_Single_Employee_Record **********
2020-10-20 11:46:06 INFO  EmployeesRestAPI:36 - *********Started TC003_Post_Employee_Record **********
2020-10-20 11:46:12 INFO  EmployeesRestAPI:68 - *********checkResposeBody **********
2020-10-20 11:46:12 INFO  EmployeesRestAPI:78 - *********check Status Code**********
2020-10-20 11:46:12 INFO  EmployeesRestAPI:85 - *********check Respose Time**********
2020-10-20 11:46:12 INFO  EmployeesRestAPI:93 - *********check status Line**********
2020-10-20 11:46:12 INFO  EmployeesRestAPI:99 - ***********  Checking Content Type **********
2020-10-20 11:46:12 INFO  EmployeesRestAPI:104 - Content type is ==>text/html; charset=UTF-8
2020-10-20 11:46:12 INFO  EmployeesRestAPI:107 - ***********  Checking Server Type **********
2020-10-20 11:46:12 INFO  EmployeesRestAPI:112 - Server Type is =>nginx/1.16.0
2020-10-20 11:46:12 INFO  EmployeesRestAPI:116 - ***********  Checking Content Lenght**********
2020-10-20 11:46:12 INFO  EmployeesRestAPI:121 - Content Length is==>null
]]></system-out>
  </testcase>
  <testcase name="TC004_Put_Employee_Recrd" classname="com.employeeapi.testCases.TC004_Put_Employee_Record" time="0.019">
    <failure message="null" type="java.lang.NumberFormatException"><![CDATA[java.lang.NumberFormatException: null
	at com.employeeapi.testCases.TC004_Put_Employee_Record.TC004_Put_Employee_Recrd(TC004_Put_Employee_Record.java:123)
]]></failure>
    <system-out><![CDATA[2020-10-20 11:46:12 INFO  EmployeesRestAPI:135 - *********tearDown **********
2020-10-20 11:46:12 INFO  EmployeesRestAPI:136 - *********  Finished TC003_Post_Employee_Record **********
2020-10-20 11:46:12 INFO  EmployeesRestAPI:36 - *********Started TC004_Put_Employee_Record **********
2020-10-20 11:46:18 INFO  EmployeesRestAPI:68 - *********checkResposeBody **********
2020-10-20 11:46:18 INFO  EmployeesRestAPI:78 - *********check Status Code**********
2020-10-20 11:46:18 INFO  EmployeesRestAPI:85 - *********check Respose Time**********
2020-10-20 11:46:18 INFO  EmployeesRestAPI:93 - *********check status Line**********
2020-10-20 11:46:18 INFO  EmployeesRestAPI:99 - ***********  Checking Content Type **********
2020-10-20 11:46:18 INFO  EmployeesRestAPI:104 - Content type is ==>text/html; charset=UTF-8
2020-10-20 11:46:18 INFO  EmployeesRestAPI:107 - ***********  Checking Server Type **********
2020-10-20 11:46:18 INFO  EmployeesRestAPI:112 - Server Type is =>nginx/1.16.0
2020-10-20 11:46:18 INFO  EmployeesRestAPI:116 - ***********  Checking Content Lenght**********
2020-10-20 11:46:18 INFO  EmployeesRestAPI:121 - Content Length is==>null
]]></system-out>
  </testcase>
  <testcase name="TC005_Delete_Employee_Recrd" classname="com.employeeapi.testCases.TC005_Delete_Employee_Record" time="0.021">
    <failure message="null" type="java.lang.NumberFormatException"><![CDATA[java.lang.NumberFormatException: null
	at com.employeeapi.testCases.TC005_Delete_Employee_Record.TC005_Delete_Employee_Recrd(TC005_Delete_Employee_Record.java:105)
]]></failure>
    <system-out><![CDATA[2020-10-20 11:46:18 INFO  EmployeesRestAPI:132 - *********  Finished TC004_Put_Employee_Record **********
2020-10-20 11:46:18 INFO  EmployeesRestAPI:30 - *********Started TC005_Delete_Employee_Record **********
2020-10-20 11:46:25 INFO  EmployeesRestAPI:54 - *********checkResposeBody **********
2020-10-20 11:46:25 INFO  EmployeesRestAPI:60 - *********check Status Code**********
2020-10-20 11:46:25 INFO  EmployeesRestAPI:67 - *********check Respose Time**********
2020-10-20 11:46:25 INFO  EmployeesRestAPI:75 - *********check status Line**********
2020-10-20 11:46:25 INFO  EmployeesRestAPI:81 - ***********  Checking Content Type **********
2020-10-20 11:46:25 INFO  EmployeesRestAPI:86 - Content type is ==>text/html; charset=UTF-8
2020-10-20 11:46:25 INFO  EmployeesRestAPI:89 - ***********  Checking Server Type **********
2020-10-20 11:46:25 INFO  EmployeesRestAPI:94 - Server Type is =>nginx/1.16.0
2020-10-20 11:46:25 INFO  EmployeesRestAPI:98 - ***********  Checking Content Lenght**********
2020-10-20 11:46:25 INFO  EmployeesRestAPI:103 - Content Length is==>null
]]></system-out>
  </testcase>
</testsuite>